logs/manifest-merger-debug-report.txt
-- Merging decision tree log ---
manifest
ADDED from src\main\AndroidManifest.xml:2:1-385:12
INJECTED from src\main\AndroidManifest.xml:2:1-385:12
INJECTED from src\main\AndroidManifest.xml:2:1-385:12
INJECTED from src\main\AndroidManifest.xml:2:1-385:12
MERGED from [com.google.firebase:firebase-core:21.0.0] AndroidManifest.xml:2:1-9:12
MERGED from [com.google.firebase:firebase-analytics:21.2.2] AndroidManifest.xml:2:1-9:12
MERGED from [com.firebaseui:firebase-ui-auth:4.1.0] AndroidManifest.xml:2:1-114:12
MERGED from [com.google.android.material:material:1.6.0] AndroidManifest.xml:17:1-26:12
MERGED from [androidx.constraintlayout:constraintlayout:2.1.4] AndroidManifest.xml:2:1-11:12
MERGED from [pub.devrel:easypermissions:0.2.0] AndroidManifest.xml:2:1-14:12
MERGED from [me.zhanghai.android.materialprogressbar:library:1.4.2] AndroidManifest.xml:6:1-16:12
MERGED from [androidx.appcompat:appcompat:1.4.1] AndroidManifest.xml:17:1-24:12
MERGED from [com.google.android.gms:play-services-auth:20.2.0] AndroidManifest.xml:17:1-40:12
MERGED from [com.github.bumptech.glide:glide:4.12.0] AndroidManifest.xml:2:1-12:12
MERGED from [de.hdodenhof:circleimageview:2.2.0] AndroidManifest.xml:2:1-11:12
MERGED from [androidx.percentlayout:percentlayout:1.0.0] AndroidManifest.xml:17:1-22:12
MERGED from [com.google.firebase:firebase-storage:20.1.0] AndroidManifest.xml:15:1-38:12
MERGED from [com.google.firebase:firebase-auth:21.3.0] AndroidManifest.xml:17:1-75:12
MERGED from [com.google.firebase:firebase-database:20.2.0] AndroidManifest.xml:15:1-37:12
MERGED from [com.google.firebase:firebase-firestore:24.5.0] AndroidManifest.xml:2:1-25:12
MERGED from [com.google.firebase:firebase-messaging:23.1.2] AndroidManifest.xml:17:1-61:12
MERGED from [com.google.android.gms:play-services-auth-api-phone:18.0.1] AndroidManifest.xml:2:1-7:12
MERGED from [com.google.android.gms:play-services-auth-base:18.0.1] AndroidManifest.xml:2:1-7:12
MERGED from [com.google.android.gms:play-services-safetynet:17.0.0] AndroidManifest.xml:17:1-24:12
MERGED from [com.google.firebase:firebase-database-collection:18.0.1] AndroidManifest.xml:2:1-9:12
MERGED from [com.google.firebase:firebase-appcheck-interop:16.1.1] AndroidManifest.xml:15:1-25:12
MERGED from [com.google.android.gms:play-services-base:18.1.0] AndroidManifest.xml:16:1-24:12
MERGED from [com.nightonke:boommenu:2.1.1] AndroidManifest.xml:2:1-16:12
MERGED from [androidx.cardview:cardview:1.0.0] AndroidManifest.xml:17:1-22:12
MERGED from [com.alibaba.android:ultraviewpager:1.0.7.7] AndroidManifest.xml:27:1-36:12
MERGED from [androidx.viewpager2:viewpager2:1.0.0] AndroidManifest.xml:17:1-24:12
MERGED from [androidx.recyclerview:recyclerview:1.2.1] AndroidManifest.xml:17:1-24:12
MERGED from [com.ramotion.foldingcell:folding-cell:1.2.2] AndroidManifest.xml:2:1-12:12
MERGED from [com.github.yalantis:taurus:1.0.2] AndroidManifest.xml:2:1-13:12
MERGED from [com.felipecsl.asymmetricgridview:library:2.0.1] AndroidManifest.xml:2:1-12:12
MERGED from [net.hockeyapp.android:HockeySDK:5.1.1] AndroidManifest.xml:2:1-26:12
MERGED from [com.facebook.shimmer:shimmer:0.5.0] AndroidManifest.xml:2:1-7:12
MERGED from [androidx.browser:browser:1.4.0] AndroidManifest.xml:17:1-24:12
MERGED from [com.github.ramseth001:TextDrawable:1.1.3] AndroidManifest.xml:2:1-11:12
MERGED from [com.google.firebase:firebase-datatransport:18.1.7] AndroidManifest.xml:15:1-33:12
MERGED from [com.google.android.datatransport:transport-backend-cct:3.1.8] AndroidManifest.xml:15:1-37:12
MERGED from [com.google.android.datatransport:transport-runtime:3.1.8] AndroidManifest.xml:15:1-41:12
MERGED from [com.google.firebase:firebase-encoders-json:18.0.0] AndroidManifest.xml:15:1-23:12
MERGED from [com.google.android.gms:play-services-measurement-api:21.2.2] AndroidManifest.xml:17:1-37:12
MERGED from [com.google.firebase:firebase-auth-interop:20.0.0] AndroidManifest.xml:2:1-10:12
MERGED from [com.google.firebase:firebase-installations:17.1.3] AndroidManifest.xml:2:1-23:12
MERGED from [com.google.firebase:firebase-common:20.3.2] AndroidManifest.xml:15:1-39:12
MERGED from [androidx.lifecycle:lifecycle-extensions:2.0.0] AndroidManifest.xml:17:1-25:12
MERGED from [androidx.legacy:legacy-support-v4:1.0.0] AndroidManifest.xml:17:1-22:12
MERGED from [com.google.android.gms:play-services-measurement:21.2.2] AndroidManifest.xml:17:1-46:12
MERGED from [com.google.android.gms:play-services-measurement-sdk:21.2.2] AndroidManifest.xml:17:1-25:12
MERGED from [com.google.android.recaptcha:recaptcha:18.0.1] AndroidManifest.xml:2:1-9:12
MERGED from [com.google.android.play:integrity:1.0.1] AndroidManifest.xml:2:1-7:12
MERGED from [com.google.firebase:firebase-installations-interop:17.1.0] AndroidManifest.xml:15:1-22:12
MERGED from [com.google.firebase:firebase-iid-interop:17.1.0] AndroidManifest.xml:2:1-10:12
MERGED from [com.google.android.gms:play-services-cloud-messaging:17.0.1] AndroidManifest.xml:2:1-13:12
MERGED from [com.google.android.gms:play-services-tasks:18.0.2] AndroidManifest.xml:2:1-6:12
MERGED from [com.google.android.gms:play-services-measurement-impl:21.2.2] AndroidManifest.xml:17:1-32:12
MERGED from [com.google.android.gms:play-services-stats:17.0.2] AndroidManifest.xml:2:1-9:12
MERGED from [com.google.firebase:firebase-measurement-connector:19.0.0] AndroidManifest.xml:17:1-25:12
MERGED from [com.google.android.gms:play-services-ads-identifier:18.0.0] AndroidManifest.xml:17:1-27:12
MERGED from [com.google.android.gms:play-services-measurement-sdk-api:21.2.2] AndroidManifest.xml:17:1-28:12
MERGED from [com.google.android.gms:play-services-measurement-base:21.2.2] AndroidManifest.xml:2:1-9:12
MERGED from [com.google.android.gms:play-services-basement:18.1.0] AndroidManifest.xml:16:1-26:12
MERGED from [androidx.fragment:fragment:1.3.6] AndroidManifest.xml:17:1-24:12
MERGED from [androidx.activity:activity:1.2.4] AndroidManifest.xml:17:1-24:12
MERGED from [androidx.appcompat:appcompat-resources:1.4.1] AndroidManifest.xml:17:1-24:12
MERGED from [androidx.emoji2:emoji2-views-helper:1.0.0] AndroidManifest.xml:17:1-24:12
MERGED from [androidx.emoji2:emoji2:1.0.0] AndroidManifest.xml:17:1-37:12
MERGED from [androidx.legacy:legacy-support-core-ui:1.0.0] AndroidManifest.xml:17:1-22:12
MERGED from [androidx.drawerlayout:drawerlayout:1.1.1] AndroidManifest.xml:17:1-24:12
MERGED from [androidx.coordinatorlayout:coordinatorlayout:1.1.0] AndroidManifest.xml:17:1-24:12
MERGED from [androidx.dynamicanimation:dynamicanimation:1.0.0] AndroidManifest.xml:17:1-22:12
MERGED from [androidx.transition:transition:1.2.0] AndroidManifest.xml:17:1-24:12
MERGED from [androidx.vectordrawable:vectordrawable-animated:1.1.0] AndroidManifest.xml:17:1-24:12
MERGED from [androidx.vectordrawable:vectordrawable:1.1.0] AndroidManifest.xml:17:1-24:12
MERGED from [androidx.legacy:legacy-support-core-utils:1.0.0] AndroidManifest.xml:17:1-22:12
MERGED from [androidx.loader:loader:1.0.0] AndroidManifest.xml:17:1-22:12
MERGED from [androidx.core:core-ktx:1.6.0] AndroidManifest.xml:2:1-9:12
MERGED from [androidx.viewpager:viewpager:1.0.0] AndroidManifest.xml:17:1-22:12
MERGED from [androidx.slidingpanelayout:slidingpanelayout:1.0.0] AndroidManifest.xml:17:1-22:12
MERGED from [androidx.customview:customview:1.1.0] AndroidManifest.xml:17:1-24:12
MERGED from [androidx.media:media:1.0.0] AndroidManifest.xml:17:1-22:12
MERGED from [androidx.swiperefreshlayout:swiperefreshlayout:1.0.0] AndroidManifest.xml:17:1-22:12
MERGED from [androidx.asynclayoutinflater:asynclayoutinflater:1.0.0] AndroidManifest.xml:17:1-22:12
MERGED from [androidx.core:core:1.7.0] AndroidManifest.xml:17:1-26:12
MERGED from [androidx.cursoradapter:cursoradapter:1.0.0] AndroidManifest.xml:17:1-22:12
MERGED from [androidx.lifecycle:lifecycle-viewmodel-savedstate:2.3.1] AndroidManifest.xml:17:1-24:12
MERGED from [androidx.savedstate:savedstate:1.1.0] AndroidManifest.xml:17:1-24:12
MERGED from [androidx.lifecycle:lifecycle-viewmodel:2.3.1] AndroidManifest.xml:17:1-24:12
MERGED from [com.github.bumptech.glide:gifdecoder:4.12.0] AndroidManifest.xml:2:1-11:12
MERGED from [androidx.exifinterface:exifinterface:1.2.0] AndroidManifest.xml:17:1-24:12
MERGED from [androidx.versionedparcelable:versionedparcelable:1.1.1] AndroidManifest.xml:17:1-27:12
MERGED from [androidx.interpolator:interpolator:1.0.0] AndroidManifest.xml:17:1-22:12
MERGED from [androidx.localbroadcastmanager:localbroadcastmanager:1.0.0] AndroidManifest.xml:17:1-22:12
MERGED from [com.google.firebase:firebase-components:17.1.0] AndroidManifest.xml:15:1-22:12
MERGED from [com.google.android.datatransport:transport-api:3.0.0] AndroidManifest.xml:15:1-22:12
MERGED from [androidx.lifecycle:lifecycle-process:2.4.0] AndroidManifest.xml:17:1-37:12
MERGED from [androidx.startup:startup-runtime:1.0.0] AndroidManifest.xml:17:1-33:12
MERGED from [androidx.tracing:tracing:1.0.0] AndroidManifest.xml:17:1-24:12
MERGED from [androidx.lifecycle:lifecycle-livedata:2.0.0] AndroidManifest.xml:17:1-22:12
MERGED from [androidx.lifecycle:lifecycle-livedata-core:2.3.1] AndroidManifest.xml:17:1-24:12
MERGED from [androidx.lifecycle:lifecycle-service:2.0.0] AndroidManifest.xml:17:1-22:12
MERGED from [androidx.lifecycle:lifecycle-runtime:2.4.0] AndroidManifest.xml:17:1-24:12
MERGED from [androidx.arch.core:core-runtime:2.1.0] AndroidManifest.xml:17:1-24:12
MERGED from [androidx.documentfile:documentfile:1.0.0] AndroidManifest.xml:17:1-22:12
MERGED from [androidx.print:print:1.0.0] AndroidManifest.xml:17:1-22:12
MERGED from [androidx.annotation:annotation-experimental:1.1.0] AndroidManifest.xml:17:1-24:12
MERGED from [io.grpc:grpc-android:1.52.1] AndroidManifest.xml:2:1-11:12
MERGED from [com.google.firebase:protolite-well-known-types:18.0.0] AndroidManifest.xml:2:1-11:12
INJECTED from src\main\AndroidManifest.xml:2:1-385:12
INJECTED from src\main\AndroidManifest.xml:2:1-385:12
INJECTED from src\main\AndroidManifest.xml:2:1-385:12
	package
		ADDED from src\main\AndroidManifest.xml:4:5-34
		INJECTED from src\main\AndroidManifest.xml
		INJECTED from src\main\AndroidManifest.xml
	android:versionName
		INJECTED from src\main\AndroidManifest.xml
		ADDED from src\main\AndroidManifest.xml:2:1-385:12
		INJECTED from src\main\AndroidManifest.xml
	xmlns:tools
		ADDED from src\main\AndroidManifest.xml:3:5-51
	android:versionCode
		INJECTED from src\main\AndroidManifest.xml
		ADDED from src\main\AndroidManifest.xml:2:1-385:12
		INJECTED from src\main\AndroidManifest.xml
	xmlns:android
		ADDED from src\main\AndroidManifest.xml:2:11-69
uses-permission#android.permission.INTERNET
ADDED from src\main\AndroidManifest.xml:6:5-67
MERGED from [com.firebaseui:firebase-ui-auth:4.1.0] AndroidManifest.xml:13:5-67
MERGED from [com.firebaseui:firebase-ui-auth:4.1.0] AndroidManifest.xml:13:5-67
MERGED from [com.google.firebase:firebase-storage:20.1.0] AndroidManifest.xml:26:5-67
MERGED from [com.google.firebase:firebase-storage:20.1.0] AndroidManifest.xml:26:5-67
MERGED from [com.google.firebase:firebase-auth:21.3.0] AndroidManifest.xml:25:5-67
MERGED from [com.google.firebase:firebase-auth:21.3.0] AndroidManifest.xml:25:5-67
MERGED from [com.google.firebase:firebase-database:20.2.0] AndroidManifest.xml:25:5-67
MERGED from [com.google.firebase:firebase-database:20.2.0] AndroidManifest.xml:25:5-67
MERGED from [com.google.firebase:firebase-firestore:24.5.0] AndroidManifest.xml:13:5-67
MERGED from [com.google.firebase:firebase-firestore:24.5.0] AndroidManifest.xml:13:5-67
MERGED from [net.hockeyapp.android:HockeySDK:5.1.1] AndroidManifest.xml:12:5-67
MERGED from [net.hockeyapp.android:HockeySDK:5.1.1] AndroidManifest.xml:12:5-67
MERGED from [com.google.android.datatransport:transport-backend-cct:3.1.8] AndroidManifest.xml:25:5-67
MERGED from [com.google.android.datatransport:transport-backend-cct:3.1.8] AndroidManifest.xml:25:5-67
MERGED from [com.google.android.gms:play-services-measurement-api:21.2.2] AndroidManifest.xml:22:5-67
MERGED from [com.google.android.gms:play-services-measurement-api:21.2.2] AndroidManifest.xml:22:5-67
MERGED from [com.google.firebase:firebase-installations:17.1.3] AndroidManifest.xml:10:5-67
MERGED from [com.google.firebase:firebase-installations:17.1.3] AndroidManifest.xml:10:5-67
MERGED from [com.google.android.gms:play-services-measurement:21.2.2] AndroidManifest.xml:23:5-67
MERGED from [com.google.android.gms:play-services-measurement:21.2.2] AndroidManifest.xml:23:5-67
MERGED from [com.google.android.gms:play-services-cloud-messaging:17.0.1] AndroidManifest.xml:8:5-67
MERGED from [com.google.android.gms:play-services-cloud-messaging:17.0.1] AndroidManifest.xml:8:5-67
MERGED from [com.google.android.gms:play-services-measurement-impl:21.2.2] AndroidManifest.xml:23:5-67
MERGED from [com.google.android.gms:play-services-measurement-impl:21.2.2] AndroidManifest.xml:23:5-67
MERGED from [com.google.android.gms:play-services-measurement-sdk-api:21.2.2] AndroidManifest.xml:23:5-67
MERGED from [com.google.android.gms:play-services-measurement-sdk-api:21.2.2] AndroidManifest.xml:23:5-67
	android:name
		ADDED from src\main\AndroidManifest.xml:6:22-64
uses-permission#android.permission.WRITE_EXTERNAL_STORAGE
ADDED from src\main\AndroidManifest.xml:7:5-9:32
REJECTED from [net.hockeyapp.android:HockeySDK:5.1.1] AndroidManifest.xml:13:5-15:38
	tools:node
		ADDED from src\main\AndroidManifest.xml:9:9-29
	android:name
		ADDED from src\main\AndroidManifest.xml:8:9-65
uses-permission#android.permission.READ_EXTERNAL_STORAGE
ADDED from src\main\AndroidManifest.xml:10:5-80
	android:name
		ADDED from src\main\AndroidManifest.xml:10:22-77
uses-permission#android.permission.READ_CONTACTS
ADDED from src\main\AndroidManifest.xml:11:5-72
	android:name
		ADDED from src\main\AndroidManifest.xml:11:22-69
uses-permission#android.permission.CALL_PHONE
ADDED from src\main\AndroidManifest.xml:12:5-69
	android:name
		ADDED from src\main\AndroidManifest.xml:12:22-66
uses-permission#com.android.alarm.permission.SET_ALARM
ADDED from src\main\AndroidManifest.xml:13:5-78
	android:name
		ADDED from src\main\AndroidManifest.xml:13:22-75
uses-permission#android.permission.WAKE_LOCK
ADDED from src\main\AndroidManifest.xml:14:5-68
MERGED from [com.google.firebase:firebase-messaging:23.1.2] AndroidManifest.xml:26:5-68
MERGED from [com.google.firebase:firebase-messaging:23.1.2] AndroidManifest.xml:26:5-68
MERGED from [com.google.android.gms:play-services-measurement-api:21.2.2] AndroidManifest.xml:24:5-68
MERGED from [com.google.android.gms:play-services-measurement-api:21.2.2] AndroidManifest.xml:24:5-68
MERGED from [com.google.android.gms:play-services-measurement:21.2.2] AndroidManifest.xml:25:5-68
MERGED from [com.google.android.gms:play-services-measurement:21.2.2] AndroidManifest.xml:25:5-68
MERGED from [com.google.android.gms:play-services-cloud-messaging:17.0.1] AndroidManifest.xml:9:5-68
MERGED from [com.google.android.gms:play-services-cloud-messaging:17.0.1] AndroidManifest.xml:9:5-68
MERGED from [com.google.android.gms:play-services-measurement-impl:21.2.2] AndroidManifest.xml:25:5-68
MERGED from [com.google.android.gms:play-services-measurement-impl:21.2.2] AndroidManifest.xml:25:5-68
MERGED from [com.google.android.gms:play-services-measurement-sdk-api:21.2.2] AndroidManifest.xml:25:5-68
MERGED from [com.google.android.gms:play-services-measurement-sdk-api:21.2.2] AndroidManifest.xml:25:5-68
	android:name
		ADDED from src\main\AndroidManifest.xml:14:22-65
uses-permission#android.permission.RECEIVE_BOOT_COMPLETED
ADDED from src\main\AndroidManifest.xml:15:5-81
	android:name
		ADDED from src\main\AndroidManifest.xml:15:22-78
application
ADDED from src\main\AndroidManifest.xml:17:5-383:19
REJECTED from [com.google.firebase:firebase-core:21.0.0] AndroidManifest.xml:7:5-20
REJECTED from [com.google.firebase:firebase-analytics:21.2.2] AndroidManifest.xml:7:5-20
REJECTED from [com.firebaseui:firebase-ui-auth:4.1.0] AndroidManifest.xml:15:5-112:19
REJECTED from [com.google.android.material:material:1.6.0] AndroidManifest.xml:24:5-20
REJECTED from [androidx.constraintlayout:constraintlayout:2.1.4] AndroidManifest.xml:9:5-20
REJECTED from [pub.devrel:easypermissions:0.2.0] AndroidManifest.xml:12:5-20
REJECTED from [com.google.android.gms:play-services-auth:20.2.0] AndroidManifest.xml:22:5-38:19
REJECTED from [com.github.bumptech.glide:glide:4.12.0] AndroidManifest.xml:10:5-20
REJECTED from [de.hdodenhof:circleimageview:2.2.0] AndroidManifest.xml:9:5-20
REJECTED from [com.google.firebase:firebase-storage:20.1.0] AndroidManifest.xml:28:5-36:19
REJECTED from [com.google.firebase:firebase-auth:21.3.0] AndroidManifest.xml:28:5-73:19
REJECTED from [com.google.firebase:firebase-database:20.2.0] AndroidManifest.xml:27:5-35:19
REJECTED from [com.google.firebase:firebase-firestore:24.5.0] AndroidManifest.xml:15:5-23:19
REJECTED from [com.google.firebase:firebase-messaging:23.1.2] AndroidManifest.xml:30:5-59:19
REJECTED from [com.google.android.gms:play-services-safetynet:17.0.0] AndroidManifest.xml:22:5-20
REJECTED from [com.google.firebase:firebase-appcheck-interop:16.1.1] AndroidManifest.xml:23:5-20
REJECTED from [com.google.android.gms:play-services-base:18.1.0] AndroidManifest.xml:19:5-23:19
REJECTED from [com.nightonke:boommenu:2.1.1] AndroidManifest.xml:11:5-14:19
REJECTED from [com.github.yalantis:taurus:1.0.2] AndroidManifest.xml:11:5-47
REJECTED from [com.felipecsl.asymmetricgridview:library:2.0.1] AndroidManifest.xml:10:5-20
REJECTED from [net.hockeyapp.android:HockeySDK:5.1.1] AndroidManifest.xml:18:5-24:19
REJECTED from [com.github.ramseth001:TextDrawable:1.1.3] AndroidManifest.xml:9:5-20
REJECTED from [com.google.firebase:firebase-datatransport:18.1.7] AndroidManifest.xml:23:5-31:19
REJECTED from [com.google.android.datatransport:transport-backend-cct:3.1.8] AndroidManifest.xml:27:5-35:19
REJECTED from [com.google.android.datatransport:transport-runtime:3.1.8] AndroidManifest.xml:25:5-39:19
REJECTED from [com.google.android.gms:play-services-measurement-api:21.2.2] AndroidManifest.xml:27:5-35:19
REJECTED from [com.google.firebase:firebase-auth-interop:20.0.0] AndroidManifest.xml:7:5-8:19
REJECTED from [com.google.firebase:firebase-installations:17.1.3] AndroidManifest.xml:13:5-21:19
REJECTED from [com.google.firebase:firebase-common:20.3.2] AndroidManifest.xml:24:5-37:19
REJECTED from [androidx.lifecycle:lifecycle-extensions:2.0.0] AndroidManifest.xml:22:5-23:19
REJECTED from [com.google.android.gms:play-services-measurement:21.2.2] AndroidManifest.xml:28:5-44:19
REJECTED from [com.google.android.gms:play-services-measurement-sdk:21.2.2] AndroidManifest.xml:22:5-23:19
REJECTED from [com.google.android.recaptcha:recaptcha:18.0.1] AndroidManifest.xml:7:5-20
REJECTED from [com.google.android.play:integrity:1.0.1] AndroidManifest.xml:5:5-6:19
REJECTED from [com.google.firebase:firebase-iid-interop:17.1.0] AndroidManifest.xml:7:5-8:19
REJECTED from [com.google.android.gms:play-services-tasks:18.0.2] AndroidManifest.xml:5:5-20
REJECTED from [com.google.android.gms:play-services-measurement-impl:21.2.2] AndroidManifest.xml:29:5-30:19
REJECTED from [com.google.android.gms:play-services-stats:17.0.2] AndroidManifest.xml:7:5-20
REJECTED from [com.google.firebase:firebase-measurement-connector:19.0.0] AndroidManifest.xml:22:5-23:19
REJECTED from [com.google.android.gms:play-services-ads-identifier:18.0.0] AndroidManifest.xml:25:5-20
REJECTED from [com.google.android.gms:play-services-measurement-base:21.2.2] AndroidManifest.xml:7:5-20
REJECTED from [com.google.android.gms:play-services-basement:18.1.0] AndroidManifest.xml:20:5-24:19
REJECTED from [androidx.emoji2:emoji2:1.0.0] AndroidManifest.xml:25:5-35:19
REJECTED from [androidx.core:core:1.7.0] AndroidManifest.xml:24:5-89
REJECTED from [com.github.bumptech.glide:gifdecoder:4.12.0] AndroidManifest.xml:9:5-20
REJECTED from [androidx.versionedparcelable:versionedparcelable:1.1.1] AndroidManifest.xml:24:5-25:19
REJECTED from [androidx.lifecycle:lifecycle-process:2.4.0] AndroidManifest.xml:25:5-35:19
REJECTED from [androidx.startup:startup-runtime:1.0.0] AndroidManifest.xml:25:5-31:19
	tools:node
		ADDED from src\main\AndroidManifest.xml:29:9-29
	android:configChanges
		ADDED from src\main\AndroidManifest.xml:19:9-58
	android:largeHeap
		ADDED from src\main\AndroidManifest.xml:25:9-33
	android:icon
		ADDED from src\main\AndroidManifest.xml:23:9-41
	android:screenOrientation
		ADDED from src\main\AndroidManifest.xml:26:9-45
	android:supportsRtl
		ADDED from src\main\AndroidManifest.xml:27:9-35
	android:label
		ADDED from src\main\AndroidManifest.xml:24:9-41
	android:hardwareAccelerated
		ADDED from src\main\AndroidManifest.xml:22:9-44
	android:fullBackupContent
		ADDED from src\main\AndroidManifest.xml:21:9-42
	android:allowBackup
		ADDED from src\main\AndroidManifest.xml:18:9-36
	android:theme
		ADDED from src\main\AndroidManifest.xml:28:9-40
	android:dataExtractionRules
		ADDED from src\main\AndroidManifest.xml:20:9-65
	tools:replace
		ADDED from src\main\AndroidManifest.xml:30:9-36
activity#com.example.example.Account.SplashActivity
ADDED from src\main\AndroidManifest.xml:32:9-41:20
	android:screenOrientation
		ADDED from src\main\AndroidManifest.xml:35:13-49
	android:exported
		ADDED from src\main\AndroidManifest.xml:34:13-36
	android:theme
		ADDED from src\main\AndroidManifest.xml:36:13-63
	android:name
		ADDED from src\main\AndroidManifest.xml:33:13-51
intent-filter#action:name:android.intent.action.MAIN+category:name:android.intent.category.LAUNCHER
ADDED from src\main\AndroidManifest.xml:37:13-40:29
action#android.intent.action.MAIN
ADDED from src\main\AndroidManifest.xml:38:17-69
	android:name
		ADDED from src\main\AndroidManifest.xml:38:25-66
category#android.intent.category.LAUNCHER
ADDED from src\main\AndroidManifest.xml:39:17-77
	android:name
		ADDED from src\main\AndroidManifest.xml:39:27-74
activity#com.example.example.Account.IntroScreen
ADDED from src\main\AndroidManifest.xml:43:9-47:66
	android:screenOrientation
		ADDED from src\main\AndroidManifest.xml:46:13-49
	android:exported
		ADDED from src\main\AndroidManifest.xml:45:13-37
	android:theme
		ADDED from src\main\AndroidManifest.xml:47:13-63
	android:name
		ADDED from src\main\AndroidManifest.xml:44:13-48
activity#com.example.example.TestActivity
ADDED from src\main\AndroidManifest.xml:49:9-54:20
	android:exported
		ADDED from src\main\AndroidManifest.xml:51:13-37
	android:theme
		ADDED from src\main\AndroidManifest.xml:52:13-63
	android:name
		ADDED from src\main\AndroidManifest.xml:50:13-41
activity#com.example.example.Account.LoginActivity
ADDED from src\main\AndroidManifest.xml:55:9-61:20
	android:windowSoftInputMode
		ADDED from src\main\AndroidManifest.xml:59:13-52
	android:exported
		ADDED from src\main\AndroidManifest.xml:57:13-37
	android:theme
		ADDED from src\main\AndroidManifest.xml:58:13-63
	android:name
		ADDED from src\main\AndroidManifest.xml:56:13-50
activity#com.example.example.Account.RegisterActivity
ADDED from src\main\AndroidManifest.xml:62:9-69:20
	android:windowSoftInputMode
		ADDED from src\main\AndroidManifest.xml:66:13-52
	android:exported
		ADDED from src\main\AndroidManifest.xml:64:13-37
	android:theme
		ADDED from src\main\AndroidManifest.xml:65:13-63
	android:name
		ADDED from src\main\AndroidManifest.xml:63:13-53
activity#com.example.example.Account.ForgotPassword
ADDED from src\main\AndroidManifest.xml:70:9-76:15
	android:screenOrientation
		ADDED from src\main\AndroidManifest.xml:73:13-49
	android:exported
		ADDED from src\main\AndroidManifest.xml:72:13-37
	android:theme
		ADDED from src\main\AndroidManifest.xml:74:13-65
	android:name
		ADDED from src\main\AndroidManifest.xml:71:13-51
activity#com.example.example.Council.CouncilActivity
ADDED from src\main\AndroidManifest.xml:78:9-83:68
	android:screenOrientation
		ADDED from src\main\AndroidManifest.xml:82:13-49
	android:label
		ADDED from src\main\AndroidManifest.xml:81:13-36
	android:exported
		ADDED from src\main\AndroidManifest.xml:80:13-37
	android:theme
		ADDED from src\main\AndroidManifest.xml:83:13-65
	android:name
		ADDED from src\main\AndroidManifest.xml:79:13-52
activity#com.example.example.HomeActivity
ADDED from src\main\AndroidManifest.xml:85:9-91:15
	android:screenOrientation
		ADDED from src\main\AndroidManifest.xml:88:13-49
	android:exported
		ADDED from src\main\AndroidManifest.xml:87:13-37
	android:theme
		ADDED from src\main\AndroidManifest.xml:89:13-65
	android:name
		ADDED from src\main\AndroidManifest.xml:86:13-41
activity#com.example.example.Mess.MessActivity
ADDED from src\main\AndroidManifest.xml:93:9-99:20
	android:screenOrientation
		ADDED from src\main\AndroidManifest.xml:96:13-49
	android:exported
		ADDED from src\main\AndroidManifest.xml:95:13-37
	android:theme
		ADDED from src\main\AndroidManifest.xml:97:13-65
	android:name
		ADDED from src\main\AndroidManifest.xml:94:13-46
activity#com.example.example.Complaints.ComplaintsActivity
ADDED from src\main\AndroidManifest.xml:102:9-109:20
	android:exported
		ADDED from src\main\AndroidManifest.xml:104:13-37
	android:theme
		ADDED from src\main\AndroidManifest.xml:105:13-65
	android:name
		ADDED from src\main\AndroidManifest.xml:103:13-58
meta-data#android.support.PARENT_ACTIVITY
ADDED from src\main\AndroidManifest.xml:106:13-108:49
	android:value
		ADDED from src\main\AndroidManifest.xml:108:17-46
	android:name
		ADDED from src\main\AndroidManifest.xml:107:17-63
activity#com.example.example.Complaints.ComplainRegister
ADDED from src\main\AndroidManifest.xml:112:9-119:20
	android:screenOrientation
		ADDED from src\main\AndroidManifest.xml:115:13-49
	android:exported
		ADDED from src\main\AndroidManifest.xml:114:13-37
	android:name
		ADDED from src\main\AndroidManifest.xml:113:13-56
activity#com.example.example.Complaints.ComplainStatus
ADDED from src\main\AndroidManifest.xml:121:9-130:20
	android:screenOrientation
		ADDED from src\main\AndroidManifest.xml:124:13-49
	android:exported
		ADDED from src\main\AndroidManifest.xml:123:13-37
	android:name
		ADDED from src\main\AndroidManifest.xml:122:13-54
activity#com.example.example.Complaints.StatusDetails
ADDED from src\main\AndroidManifest.xml:131:9-139:20
	android:screenOrientation
		ADDED from src\main\AndroidManifest.xml:134:13-49
	android:exported
		ADDED from src\main\AndroidManifest.xml:133:13-37
	android:theme
		ADDED from src\main\AndroidManifest.xml:135:13-44
	android:name
		ADDED from src\main\AndroidManifest.xml:132:13-53
activity#com.example.example.Council.CouncilWarden
ADDED from src\main\AndroidManifest.xml:141:9-149:20
	android:screenOrientation
		ADDED from src\main\AndroidManifest.xml:145:13-49
	android:label
		ADDED from src\main\AndroidManifest.xml:144:13-36
	android:exported
		ADDED from src\main\AndroidManifest.xml:143:13-37
	android:name
		ADDED from src\main\AndroidManifest.xml:142:13-50
activity#com.example.example.Council.CouncilGenSecy
ADDED from src\main\AndroidManifest.xml:150:9-158:20
	android:screenOrientation
		ADDED from src\main\AndroidManifest.xml:154:13-49
	android:label
		ADDED from src\main\AndroidManifest.xml:153:13-36
	android:exported
		ADDED from src\main\AndroidManifest.xml:152:13-37
	android:name
		ADDED from src\main\AndroidManifest.xml:151:13-51
activity#com.example.example.Council.CouncilFHostelSecy
ADDED from src\main\AndroidManifest.xml:164:9-172:20
	android:screenOrientation
		ADDED from src\main\AndroidManifest.xml:168:13-49
	android:label
		ADDED from src\main\AndroidManifest.xml:167:13-36
	android:exported
		ADDED from src\main\AndroidManifest.xml:166:13-37
	android:name
		ADDED from src\main\AndroidManifest.xml:165:13-55
activity#com.example.example.Council.CouncilFHosMainSecy
ADDED from src\main\AndroidManifest.xml:174:9-181:20
	android:screenOrientation
		ADDED from src\main\AndroidManifest.xml:177:13-49
	android:exported
		ADDED from src\main\AndroidManifest.xml:176:13-37
	android:name
		ADDED from src\main\AndroidManifest.xml:175:13-56
activity#com.example.example.Council.CouncilFMessSecy
ADDED from src\main\AndroidManifest.xml:183:9-191:20
	android:screenOrientation
		ADDED from src\main\AndroidManifest.xml:187:13-49
	android:label
		ADDED from src\main\AndroidManifest.xml:186:13-36
	android:exported
		ADDED from src\main\AndroidManifest.xml:185:13-37
	android:name
		ADDED from src\main\AndroidManifest.xml:184:13-53
activity#com.example.example.User.UpdatePassword
ADDED from src\main\AndroidManifest.xml:196:9-200:59
	android:screenOrientation
		ADDED from src\main\AndroidManifest.xml:199:13-49
	android:exported
		ADDED from src\main\AndroidManifest.xml:198:13-37
	android:theme
		ADDED from src\main\AndroidManifest.xml:200:13-56
	android:name
		ADDED from src\main\AndroidManifest.xml:197:13-48
activity#com.example.example.User.ProfileActivity
ADDED from src\main\AndroidManifest.xml:202:9-210:20
	android:screenOrientation
		ADDED from src\main\AndroidManifest.xml:205:13-49
	android:exported
		ADDED from src\main\AndroidManifest.xml:204:13-37
	android:theme
		ADDED from src\main\AndroidManifest.xml:206:13-56
	android:name
		ADDED from src\main\AndroidManifest.xml:203:13-49
activity#com.example.example.User.EditInfoActivity
ADDED from src\main\AndroidManifest.xml:212:9-219:20
	android:screenOrientation
		ADDED from src\main\AndroidManifest.xml:215:13-49
	android:exported
		ADDED from src\main\AndroidManifest.xml:214:13-37
	android:name
		ADDED from src\main\AndroidManifest.xml:213:13-50
activity#com.example.example.Resources.ResourceActivity
ADDED from src\main\AndroidManifest.xml:221:9-229:20
	android:screenOrientation
		ADDED from src\main\AndroidManifest.xml:224:13-49
	android:exported
		ADDED from src\main\AndroidManifest.xml:223:13-37
	android:theme
		ADDED from src\main\AndroidManifest.xml:225:13-56
	android:name
		ADDED from src\main\AndroidManifest.xml:222:13-55
activity#com.example.example.Resources.CS.CSResourceDocs
ADDED from src\main\AndroidManifest.xml:231:9-239:20
	android:screenOrientation
		ADDED from src\main\AndroidManifest.xml:234:13-49
	android:exported